2020-03-11 09:18:40 INFO  UserApplication:21 - application is running
2020-03-11 09:18:41 INFO  UserApplication:21 - application is running
2020-03-11 09:32:26 INFO  UserApplication:21 - application is running
2020-03-11 09:32:26 INFO  UserApplication:21 - application is running
2020-03-11 09:35:15 INFO  UserApplication:21 - application is running
2020-03-11 09:35:36 INFO  UserApplication:21 - application is running
2020-03-11 09:35:53 INFO  UserApplication:21 - application is running
2020-03-11 09:35:57 INFO  UserApplication:21 - application is running
2020-03-11 09:35:57 INFO  UserApplication:21 - application is running
2020-03-11 09:37:23 INFO  UserApplication:21 - application is running
2020-03-11 09:42:51 INFO  UserApplication:21 - application is running
2020-03-11 09:43:19 INFO  UserApplication:21 - application is running
2020-03-11 09:43:19 INFO  UserApplication:21 - application is running
2020-03-11 09:45:28 INFO  UserApplication:21 - application is running
2020-03-11 09:45:28 INFO  UserApplication:21 - application is running
2020-03-11 09:46:17 INFO  UserDaoImp:49 - method begin-----> getUserWithEmail(email) email: sffsssdsd
2020-03-11 09:46:25 INFO  UserDaoImp:67 - user not found
2020-03-11 09:49:23 INFO  UserApplication:21 - application is running
2020-03-11 09:49:23 INFO  UserApplication:21 - application is running
2020-03-11 09:50:15 INFO  UserDaoImp:49 - method begin-----> getUserWithEmail(email) email: dfdfdfsffsd
2020-03-11 09:50:50 INFO  UserDaoImp:49 - method begin-----> getUserWithEmail(email) email: furkankoc18@gmail.com
2020-03-11 09:51:20 INFO  UserApplication:21 - application is running
2020-03-11 09:51:25 INFO  UserApplication:21 - application is running
2020-03-11 09:52:50 INFO  UserApplication:21 - application is running
2020-03-11 10:28:03 INFO  UserApplication:21 - application is running
2020-03-11 10:28:03 INFO  UserApplication:21 - application is running
